<?xml version="1.0" encoding="UTF-8"?>
<!-- Generated by org.testng.reporters.JUnitReportReporter -->
<testsuite hostname="DESKTOP-DQN0RRE" failures="0" tests="2" name="testng.basics.Sample" time="15.000" errors="0" timestamp="2021-09-01T08:32:52 IST" skipped="0">
  <testcase classname="testng.basics.Sample" name="loginSuccessTest" time="6.596"/>
  <system-out/>
  <testcase classname="testng.basics.Sample" name="loginfailTest" time="8.404"/>
  <system-out/>
</testsuite> <!-- testng.basics.Sample -->
