<?xml version="1.0" encoding="UTF-8"?>
<!-- Generated by org.testng.reporters.JUnitReportReporter -->
<testsuite hostname="DESKTOP-DQN0RRE" failures="0" tests="1" name="testng.basics.ExceptionTest" time="0.013" errors="0" timestamp="2021-08-31T21:02:56 IST" skipped="0">
  <testcase classname="testng.basics.ExceptionTest" name="test1" time="0.013"/>
  <system-out/>
</testsuite> <!-- testng.basics.ExceptionTest -->
