<?xml version="1.0" encoding="UTF-8"?>
<!-- Generated by org.testng.reporters.JUnitReportReporter -->
<testsuite hostname="DESKTOP-DQN0RRE" failures="0" tests="1" name="testng.basics.ExceptionTimeOutTest" time="0.011" errors="0" timestamp="2021-08-23T08:31:24 IST" skipped="0">
  <testcase classname="testng.basics.ExceptionTimeOutTest" name="test1" time="0.011"/>
  <system-out/>
</testsuite> <!-- testng.basics.ExceptionTimeOutTest -->
