<?xml version="1.0" encoding="UTF-8"?>
<!-- Generated by org.testng.reporters.JUnitReportReporter -->
<testsuite hostname="DESKTOP-DQN0RRE" failures="0" tests="5" name="testng.basics.InvocationCountTest" time="51.043" errors="0" timestamp="2021-08-31T20:53:07 IST" skipped="0">
  <testcase classname="testng.basics.InvocationCountTest" name="sum" time="10.700"/>
  <system-out/>
  <testcase classname="testng.basics.InvocationCountTest" name="sum" time="7.805"/>
  <system-out/>
  <testcase classname="testng.basics.InvocationCountTest" name="sum" time="11.595"/>
  <system-out/>
  <testcase classname="testng.basics.InvocationCountTest" name="sum" time="11.118"/>
  <system-out/>
  <testcase classname="testng.basics.InvocationCountTest" name="sum" time="9.825"/>
  <system-out/>
</testsuite> <!-- testng.basics.InvocationCountTest -->
