<?xml version="1.0" encoding="UTF-8"?>
<!-- Generated by org.testng.reporters.JUnitReportReporter -->
<testsuite hostname="DESKTOP-DQN0RRE" failures="0" tests="6" name="testng.basics.PriorityTest" time="0.029" errors="0" timestamp="2021-08-31T21:06:52 IST" skipped="0">
  <testcase classname="testng.basics.PriorityTest" name="f2" time="0.015"/>
  <system-out/>
  <testcase classname="testng.basics.PriorityTest" name="f4" time="0.003"/>
  <system-out/>
  <testcase classname="testng.basics.PriorityTest" name="f" time="0.004"/>
  <system-out/>
  <testcase classname="testng.basics.PriorityTest" name="a1" time="0.003"/>
  <system-out/>
  <testcase classname="testng.basics.PriorityTest" name="f1" time="0.002"/>
  <system-out/>
  <testcase classname="testng.basics.PriorityTest" name="f3" time="0.002"/>
  <system-out/>
</testsuite> <!-- testng.basics.PriorityTest -->
