<?xml version="1.0" encoding="UTF-8"?>
<!-- Generated by org.testng.reporters.JUnitReportReporter -->
<testsuite hostname="DESKTOP-DQN0RRE" failures="0" tests="2" name="testng.basics.TestNgGroupTest" time="0.013" errors="0" timestamp="2021-09-01T08:49:36 IST" skipped="0">
  <testcase classname="testng.basics.TestNgGroupTest" name="f2" time="0.012"/>
  <system-out/>
  <testcase classname="testng.basics.TestNgGroupTest" name="f3" time="0.001"/>
  <system-out/>
</testsuite> <!-- testng.basics.TestNgGroupTest -->
