<?xml version="1.0" encoding="UTF-8"?>
<!-- Generated by org.testng.reporters.JUnitReportReporter -->
<testsuite hostname="DESKTOP-DQN0RRE" failures="0" tests="4" name="testng.basics.EnableExample" time="0.020" errors="0" timestamp="2021-08-31T20:55:57 IST" skipped="1">
  <testcase classname="testng.basics.EnableExample" name="f1" time="0.012"/>
  <system-out/>
  <testcase classname="testng.basics.EnableExample" name="f3" time="0.002"/>
  <system-out/>
  <testcase classname="testng.basics.EnableExample" name="f4" time="0.006"/>
  <system-out/>
  <testcase classname="testng.basics.EnableExample" name="f2">
    <skipped/>
  </testcase> <!-- f2 -->
  <system-out/>
</testsuite> <!-- testng.basics.EnableExample -->
