<?xml version="1.0" encoding="UTF-8"?>
<!-- Generated by org.testng.reporters.JUnitReportReporter -->
<testsuite hostname="DESKTOP-DQN0RRE" failures="0" tests="1" name="testng.basics.Demo1" time="9.431" errors="0" timestamp="2021-09-01T09:16:41 IST" skipped="0">
  <testcase classname="testng.basics.Demo1" name="dropdownTest" time="9.431"/>
  <system-out/>
</testsuite> <!-- testng.basics.Demo1 -->
