<?xml version="1.0" encoding="UTF-8"?>
<!-- Generated by org.testng.reporters.JUnitReportReporter -->
<testsuite hostname="DESKTOP-DQN0RRE" failures="0" tests="2" name="testng.basics.DependsOnMethodExample" time="0.012" errors="0" timestamp="2021-09-01T08:26:44 IST" skipped="0">
  <testcase classname="testng.basics.DependsOnMethodExample" name="homePageTest" time="0.001"/>
  <system-out/>
  <testcase classname="testng.basics.DependsOnMethodExample" name="loginTest" time="0.011"/>
  <system-out/>
</testsuite> <!-- testng.basics.DependsOnMethodExample -->
