<?xml version="1.0" encoding="UTF-8"?>
<!-- Generated by org.testng.reporters.JUnitReportReporter -->
<testsuite hostname="DESKTOP-DQN0RRE" failures="0" tests="2" name="testng.basics.HierarchyTest" time="0.017" errors="0" timestamp="2021-08-31T20:49:01 IST" skipped="0">
  <testcase classname="testng.basics.HierarchyTest" name="f2" time="0.003"/>
  <system-out/>
  <testcase classname="testng.basics.HierarchyTest" name="f1" time="0.014"/>
  <system-out/>
</testsuite> <!-- testng.basics.HierarchyTest -->
